<?xml version="1.0" encoding="UTF-8"?>
<!-- Generated by org.testng.reporters.JUnitReportReporter -->
<testsuite hostname="LTW0100001" failures="0" tests="1" name="testCases.T01_homepageValidation" time="7.218" errors="0" timestamp="2021-07-05T22:55:46 BDT" skipped="0">
  <testcase classname="testCases.T01_homepageValidation" name="homepageValidation" time="7.218"/>
  <system-out/>
</testsuite> <!-- testCases.T01_homepageValidation -->
